<?xml version="1.0" encoding="UTF-8"?>
<!-- Generated by org.testng.reporters.JUnitReportReporter -->
<testsuite skipped="0" hostname="NZAKLBH-LT0235" name="com.kashifi.commercial.AdvancedBusinessReportTest" tests="1" failures="0" timestamp="12 Jul 2018 02:34:15 GMT" time="68.328" errors="0">
  <testcase name="AdvancedBusinessReport" time="68.328" classname="com.kashifi.commercial.AdvancedBusinessReportTest"/>
</testsuite> <!-- com.kashifi.commercial.AdvancedBusinessReportTest -->
