<?xml version="1.0" encoding="UTF-8"?>
<!-- Generated by org.testng.reporters.JUnitReportReporter -->
<testsuite skipped="0" hostname="NZAKLBH-LT0235" name="com.kashifi.advBizRptTest" tests="1" failures="0" timestamp="27 Jun 2018 22:12:23 GMT" time="66.580" errors="0">
  <testcase name="testBizReport" time="66.580" classname="com.kashifi.advBizRptTest"/>
</testsuite> <!-- com.kashifi.advBizRptTest -->
