<?xml version="1.0" encoding="UTF-8"?>
<!-- Generated by org.testng.reporters.JUnitReportReporter -->
<testsuite skipped="0" hostname="NZAKLBH-LT0235" name="com.engcpp.individual.ScoreplusReportTest" tests="1" failures="0" timestamp="29 Jun 2018 02:35:54 GMT" time="61.233" errors="0">
  <testcase name="testIScorePlusReport" time="61.233" classname="com.engcpp.individual.ScoreplusReportTest"/>
</testsuite> <!-- com.engcpp.individual.ScoreplusReportTest -->
