<?xml version="1.0" encoding="UTF-8"?>
<!-- Generated by org.testng.reporters.JUnitReportReporter -->
<testsuite skipped="0" hostname="NZAKLBH-LT0235" name="com.engcpp.IVALReportsTest" tests="1" failures="0" timestamp="13 Jun 2018 04:18:43 GMT" time="59.252" errors="0">
  <testcase name="testIVALReport" time="59.252" classname="com.engcpp.IVALReportsTest"/>
</testsuite> <!-- com.engcpp.IVALReportsTest -->
