<?xml version="1.0" encoding="UTF-8"?>
<!-- Generated by org.testng.reporters.JUnitReportReporter -->
<testsuite skipped="0" hostname="NZAKLBH-LT0235" name="com.engcpp.LoginTest" tests="1" failures="0" timestamp="29 Jun 2018 02:46:47 GMT" time="92.957" errors="0">
  <testcase name="testLogin" time="92.957" classname="com.engcpp.LoginTest"/>
</testsuite> <!-- com.engcpp.LoginTest -->
