<?xml version="1.0" encoding="UTF-8"?>
<!-- Generated by org.testng.reporters.JUnitReportReporter -->
<testsuite skipped="0" hostname="NZAKLBH-LT0235" name="com.engcpp.property.IVALReportsTest" tests="1" failures="0" timestamp="04 Jul 2018 02:12:07 GMT" time="75.818" errors="0">
  <testcase name="iVALPropertyReport" time="75.818" classname="com.engcpp.property.IVALReportsTest"/>
</testsuite> <!-- com.engcpp.property.IVALReportsTest -->
