<?xml version="1.0" encoding="UTF-8"?>
<!-- Generated by org.testng.reporters.JUnitReportReporter -->
<testsuite skipped="0" hostname="NZAKLBH-LT0235" name="com.kashifi.Std_BizReportTest" tests="1" failures="0" timestamp="24 Jun 2018 22:16:59 GMT" time="49.947" errors="0">
  <testcase name="testBizReport" time="49.947" classname="com.kashifi.Std_BizReportTest"/>
</testsuite> <!-- com.kashifi.Std_BizReportTest -->
