<?xml version="1.0" encoding="UTF-8"?>
<!-- Generated by org.testng.reporters.JUnitReportReporter -->
<testsuite skipped="0" hostname="NZAKLBH-LT0235" name="com.kashifi.stdBizRptTest" tests="1" failures="0" timestamp="28 Jun 2018 10:17:06 GMT" time="75.268" errors="0">
  <testcase name="testBizReport" time="75.268" classname="com.kashifi.stdBizRptTest"/>
</testsuite> <!-- com.kashifi.stdBizRptTest -->
