<?xml version="1.0" encoding="UTF-8"?>
<!-- Generated by org.testng.reporters.JUnitReportReporter -->
<testsuite skipped="0" hostname="NZAKLBH-LT0235" name="com.kashifi.Std_BizReportTest" tests="1" failures="0" timestamp="13 Jun 2018 03:47:58 GMT" time="75.313" errors="0">
  <testcase name="testBizReport" time="75.313" classname="com.kashifi.Std_BizReportTest"/>
</testsuite> <!-- com.kashifi.Std_BizReportTest -->
