<?xml version="1.0" encoding="UTF-8"?>
<!-- Generated by org.testng.reporters.JUnitReportReporter -->
<testsuite skipped="0" hostname="NZAKLBH-LT0235" name="com.engcpp.property.IVALReportsTest" tests="1" failures="0" timestamp="27 Jun 2018 04:35:22 GMT" time="47.292" errors="0">
  <testcase name="testIVALReport" time="47.292" classname="com.engcpp.property.IVALReportsTest"/>
</testsuite> <!-- com.engcpp.property.IVALReportsTest -->
