<?xml version="1.0" encoding="UTF-8"?>
<!-- Generated by org.testng.reporters.JUnitReportReporter -->
<testsuite skipped="0" hostname="NZAKLBH-LT0235" name="com.engcpp.individual.ScoreplusReportTest" tests="1" failures="0" timestamp="02 Jul 2018 08:59:00 GMT" time="53.583" errors="0">
  <testcase name="EquifaxScorePlusReport" time="53.583" classname="com.engcpp.individual.ScoreplusReportTest"/>
</testsuite> <!-- com.engcpp.individual.ScoreplusReportTest -->
