<?xml version="1.0" encoding="UTF-8"?>
<!-- Generated by org.testng.reporters.JUnitReportReporter -->
<testsuite skipped="0" hostname="NZAKLBH-LT0235" name="com.kashifi.Std_BizReportTest" tests="1" failures="0" timestamp="18 Jun 2018 20:47:56 GMT" time="59.626" errors="0">
  <testcase name="testBizReport" time="59.626" classname="com.kashifi.Std_BizReportTest"/>
</testsuite> <!-- com.kashifi.Std_BizReportTest -->
