<?xml version="1.0" encoding="UTF-8"?>
<!-- Generated by org.testng.reporters.JUnitReportReporter -->
<testsuite skipped="0" hostname="NZAKLBH-LT0235" name="com.engcpp.LoginTest" tests="1" failures="0" timestamp="27 Jun 2018 22:31:12 GMT" time="30.340" errors="0">
  <testcase name="testLogin" time="30.340" classname="com.engcpp.LoginTest"/>
</testsuite> <!-- com.engcpp.LoginTest -->
