<?xml version="1.0" encoding="UTF-8"?>
<!-- Generated by org.testng.reporters.JUnitReportReporter -->
<testsuite skipped="0" hostname="NZAKLBH-LT0235" name="com.engcpp.LoginTest" tests="1" failures="0" timestamp="02 Jul 2018 08:59:00 GMT" time="28.156" errors="0">
  <testcase name="Login_Logout" time="28.156" classname="com.engcpp.LoginTest"/>
</testsuite> <!-- com.engcpp.LoginTest -->
