<?xml version="1.0" encoding="UTF-8"?>
<!-- Generated by org.testng.reporters.JUnitReportReporter -->
<testsuite skipped="0" hostname="NZAKLBH-LT0235" name="com.engcpp.property.IVALReportsTest" tests="1" failures="0" timestamp="02 Jul 2018 08:59:00 GMT" time="53.170" errors="0">
  <testcase name="iVALPropertyReport" time="53.170" classname="com.engcpp.property.IVALReportsTest"/>
</testsuite> <!-- com.engcpp.property.IVALReportsTest -->
