<?xml version="1.0" encoding="UTF-8"?>
<!-- Generated by org.testng.reporters.JUnitReportReporter -->
<testsuite skipped="0" hostname="NZAKLBH-LT0235" name="com.kashifi.stdBizRptTest" tests="1" failures="0" timestamp="27 Jun 2018 22:12:23 GMT" time="59.308" errors="0">
  <testcase name="testBizReport" time="59.308" classname="com.kashifi.stdBizRptTest"/>
</testsuite> <!-- com.kashifi.stdBizRptTest -->
