<?xml version="1.0" encoding="UTF-8"?>
<!-- Generated by org.testng.reporters.JUnitReportReporter -->
<testsuite skipped="0" hostname="NZAKLBH-LT0235" name="com.kashifi.advBizReportTest" tests="1" failures="0" timestamp="27 Jun 2018 01:29:53 GMT" time="70.203" errors="0">
  <testcase name="testBizReport" time="70.203" classname="com.kashifi.advBizReportTest"/>
</testsuite> <!-- com.kashifi.advBizReportTest -->
