<?xml version="1.0" encoding="UTF-8"?>
<!-- Generated by org.testng.reporters.JUnitReportReporter -->
<testsuite skipped="0" hostname="NZAKLBH-LT0235" name="com.kashifi.commercial.StandardBusinessReportTest" tests="1" failures="0" timestamp="12 Jul 2018 02:34:15 GMT" time="91.466" errors="0">
  <testcase name="StandardBusinessReport" time="91.466" classname="com.kashifi.commercial.StandardBusinessReportTest"/>
</testsuite> <!-- com.kashifi.commercial.StandardBusinessReportTest -->
