<?xml version="1.0" encoding="UTF-8"?>
<!-- Generated by org.testng.reporters.JUnitReportReporter -->
<testsuite skipped="0" hostname="NZAKLBH-LT0235" name="com.kashifi.stdBizRptTest" tests="1" failures="0" timestamp="27 Jun 2018 04:35:22 GMT" time="50.566" errors="0">
  <testcase name="testBizReport" time="50.566" classname="com.kashifi.stdBizRptTest"/>
</testsuite> <!-- com.kashifi.stdBizRptTest -->
