<?xml version="1.0" encoding="UTF-8"?>
<!-- Generated by org.testng.reporters.JUnitReportReporter -->
<testsuite skipped="0" hostname="NZAKLBH-LT0235" name="com.kashifi.advBizReportTest" tests="1" failures="0" timestamp="25 Jun 2018 04:16:27 GMT" time="65.829" errors="0">
  <testcase name="testBizReport" time="65.829" classname="com.kashifi.advBizReportTest"/>
</testsuite> <!-- com.kashifi.advBizReportTest -->
