<?xml version="1.0" encoding="UTF-8"?>
<!-- Generated by org.testng.reporters.JUnitReportReporter -->
<testsuite skipped="0" hostname="NZAKLBH-LT0235" name="com.engcpp.property.IVALReportsTest" tests="1" failures="0" timestamp="27 Jun 2018 22:12:23 GMT" time="87.138" errors="0">
  <testcase name="testIVALReport" time="87.138" classname="com.engcpp.property.IVALReportsTest"/>
</testsuite> <!-- com.engcpp.property.IVALReportsTest -->
