<?xml version="1.0" encoding="UTF-8"?>
<!-- Generated by org.testng.reporters.JUnitReportReporter -->
<testsuite skipped="0" hostname="NZAKLBH-LT0235" name="com.kashifi.commercial.StandardBusinessReportTest" tests="1" failures="0" timestamp="29 Jun 2018 02:35:54 GMT" time="77.834" errors="0">
  <testcase name="testBizReport" time="77.834" classname="com.kashifi.commercial.StandardBusinessReportTest"/>
</testsuite> <!-- com.kashifi.commercial.StandardBusinessReportTest -->
