<?xml version="1.0" encoding="UTF-8"?>
<!-- Generated by org.testng.reporters.JUnitReportReporter -->
<testsuite skipped="0" hostname="NZAKLBH-LT0235" name="com.engcpp.individual.ScoreplusReportTest" tests="1" failures="0" timestamp="27 Jun 2018 22:12:23 GMT" time="80.744" errors="0">
  <testcase name="testIScorePlusReport" time="80.744" classname="com.engcpp.individual.ScoreplusReportTest"/>
</testsuite> <!-- com.engcpp.individual.ScoreplusReportTest -->
