<?xml version="1.0" encoding="UTF-8"?>
<!-- Generated by org.testng.reporters.JUnitReportReporter -->
<testsuite skipped="0" hostname="NZAKLBH-LT0235" name="com.kashifi.commercial.AdvancedBusinessReportTest" tests="1" failures="0" timestamp="29 Jun 2018 04:31:15 GMT" time="88.399" errors="0">
  <testcase name="testBizReport" time="88.399" classname="com.kashifi.commercial.AdvancedBusinessReportTest"/>
</testsuite> <!-- com.kashifi.commercial.AdvancedBusinessReportTest -->
