<?xml version="1.0" encoding="UTF-8"?>
<!-- Generated by org.testng.reporters.JUnitReportReporter -->
<testsuite skipped="0" hostname="NZAKLBH-LT0235" name="com.kashifi.commercial.AdvancedBusinessReportTest" tests="1" failures="0" timestamp="02 Jul 2018 07:52:53 GMT" time="60.020" errors="0">
  <testcase name="AdvancedBusinessReport" time="60.020" classname="com.kashifi.commercial.AdvancedBusinessReportTest"/>
</testsuite> <!-- com.kashifi.commercial.AdvancedBusinessReportTest -->
